[debug] [2025-02-01T06:25:52.340Z] ----------------------------------------------------------------------
[debug] [2025-02-01T06:25:52.460Z] Command:       C:\nvm4w\nodejs\node.exe C:\Users\Administrator\Desktop\office\projects\Amazon Introduction\amazon-clone\node_modules\firebase-tools\lib\bin\firebase.js emulators:start --only functions
[debug] [2025-02-01T06:25:52.461Z] CLI Version:   13.29.2
[debug] [2025-02-01T06:25:52.462Z] Platform:      win32
[debug] [2025-02-01T06:25:52.462Z] Node Version:  v22.13.1
[debug] [2025-02-01T06:25:52.462Z] Time:          Sat Feb 01 2025 09:25:52 GMT+0300 (East Africa Time)
[debug] [2025-02-01T06:25:52.463Z] ----------------------------------------------------------------------
[debug] 
[debug] [2025-02-01T06:25:57.374Z] > command requires scopes: ["email","openid","https://www.googleapis.com/auth/cloudplatformprojects.readonly","https://www.googleapis.com/auth/firebase","https://www.googleapis.com/auth/cloud-platform"]
[debug] [2025-02-01T06:25:57.375Z] > authorizing via signed-in user (ebisatesfaye30@gmail.com)
[info] i  emulators: Starting emulators: functions {"metadata":{"emulator":{"name":"hub"},"message":"Starting emulators: functions"}}
[debug] [2025-02-01T06:25:57.628Z] [logging] Logging Emulator only supports listening on one address (127.0.0.1). Not listening on ::1
[debug] [2025-02-01T06:25:57.629Z] assigned listening specs for emulators {"user":{"hub":[{"address":"127.0.0.1","family":"IPv4","port":4400},{"address":"::1","family":"IPv6","port":4400}],"ui":[{"address":"127.0.0.1","family":"IPv4","port":4000},{"address":"::1","family":"IPv6","port":4000}],"logging":[{"address":"127.0.0.1","family":"IPv4","port":4500}]},"metadata":{"message":"assigned listening specs for emulators"}}
[debug] [2025-02-01T06:25:57.656Z] [hub] writing locator at C:\Users\ADMINI~1\AppData\Local\Temp\hub-clone-b74d3.json
[debug] [2025-02-01T06:25:58.357Z] [functions] Functions Emulator only supports listening on one address (127.0.0.1). Not listening on ::1
[debug] [2025-02-01T06:25:58.357Z] [eventarc] Eventarc Emulator only supports listening on one address (127.0.0.1). Not listening on ::1
[debug] [2025-02-01T06:25:58.357Z] [tasks] Cloud Tasks Emulator only supports listening on one address (127.0.0.1). Not listening on ::1
[debug] [2025-02-01T06:25:58.357Z] late-assigned ports for functions and eventarc emulators {"user":{"hub":[{"address":"127.0.0.1","family":"IPv4","port":4400},{"address":"::1","family":"IPv6","port":4400}],"ui":[{"address":"127.0.0.1","family":"IPv4","port":4000},{"address":"::1","family":"IPv6","port":4000}],"logging":[{"address":"127.0.0.1","family":"IPv4","port":4500}],"functions":[{"address":"127.0.0.1","family":"IPv4","port":5001}],"eventarc":[{"address":"127.0.0.1","family":"IPv4","port":9299}],"tasks":[{"address":"127.0.0.1","family":"IPv4","port":9499}]},"metadata":{"message":"late-assigned ports for functions and eventarc emulators"}}
[warn] !  functions: The following emulators are not running, calls to these services from the Functions emulator will affect production: apphosting, auth, firestore, database, hosting, pubsub, storage, dataconnect {"metadata":{"emulator":{"name":"functions"},"message":"The following emulators are not running, calls to these services from the Functions emulator will affect production: \u001b[1mapphosting, auth, firestore, database, hosting, pubsub, storage, dataconnect\u001b[22m"}}
[debug] [2025-02-01T06:25:58.370Z] defaultcredentials: writing to file C:\Users\Administrator\AppData\Roaming\firebase\ebisatesfaye30_gmail_com_application_default_credentials.json
[debug] [2025-02-01T06:25:59.082Z] Setting GAC to C:\Users\Administrator\AppData\Roaming\firebase\ebisatesfaye30_gmail_com_application_default_credentials.json {"metadata":{"emulator":{"name":"functions"},"message":"Setting GAC to C:\\Users\\Administrator\\AppData\\Roaming\\firebase\\ebisatesfaye30_gmail_com_application_default_credentials.json"}}
[debug] [2025-02-01T06:25:59.189Z] Checked if tokens are valid: true, expires at: 1738393166797
[debug] [2025-02-01T06:25:59.190Z] Checked if tokens are valid: true, expires at: 1738393166797
[debug] [2025-02-01T06:25:59.192Z] >>> [apiv2][query] GET https://firebase.googleapis.com/v1beta1/projects/clone-b74d3/adminSdkConfig [none]
[debug] [2025-02-01T06:26:00.093Z] <<< [apiv2][status] GET https://firebase.googleapis.com/v1beta1/projects/clone-b74d3/adminSdkConfig 200
[debug] [2025-02-01T06:26:00.094Z] <<< [apiv2][body] GET https://firebase.googleapis.com/v1beta1/projects/clone-b74d3/adminSdkConfig {"projectId":"clone-b74d3","storageBucket":"clone-b74d3.firebasestorage.app"}
[info] i  functions: Watching "C:\Users\Administrator\Desktop\office\projects\Amazon Introduction\amazon-clone\functions" for Cloud Functions... {"metadata":{"emulator":{"name":"functions"},"message":"Watching \"C:\\Users\\Administrator\\Desktop\\office\\projects\\Amazon Introduction\\amazon-clone\\functions\" for Cloud Functions..."}}
[debug] [2025-02-01T06:26:00.444Z] Validating nodejs source
[debug] [2025-02-01T06:26:10.849Z] checkFunctionsSDKVersion was unable to fetch information from NPM Error: spawnSync C:\Windows\system32\cmd.exe ETIMEDOUT
    at Object.spawnSync (node:internal/child_process:1120:20)
    at Object.spawnSync (node:child_process:868:24)
    at Function.spawnSync [as sync] (C:\Users\Administrator\Desktop\office\projects\Amazon Introduction\amazon-clone\node_modules\cross-spawn\index.js:26:23)
    at Object.getLatestSDKVersion (C:\Users\Administrator\Desktop\office\projects\Amazon Introduction\amazon-clone\node_modules\firebase-tools\lib\deploy\functions\runtimes\node\versioning.js:54:25)
    at Object.checkFunctionsSDKVersion (C:\Users\Administrator\Desktop\office\projects\Amazon Introduction\amazon-clone\node_modules\firebase-tools\lib\deploy\functions\runtimes\node\versioning.js:74:32)
    at Delegate.validate (C:\Users\Administrator\Desktop\office\projects\Amazon Introduction\amazon-clone\node_modules\firebase-tools\lib\deploy\functions\runtimes\node\index.js:86:20)
    at FunctionsEmulator.discoverTriggers (C:\Users\Administrator\Desktop\office\projects\Amazon Introduction\amazon-clone\node_modules\firebase-tools\lib\emulator\functionsEmulator.js:331:35)
    at async FunctionsEmulator.loadTriggers (C:\Users\Administrator\Desktop\office\projects\Amazon Introduction\amazon-clone\node_modules\firebase-tools\lib\emulator\functionsEmulator.js:371:34)
    at async FunctionsEmulator.connect (C:\Users\Administrator\Desktop\office\projects\Amazon Introduction\amazon-clone\node_modules\firebase-tools\lib\emulator\functionsEmulator.js:297:13)
    at async Object.startAll (C:\Users\Administrator\Desktop\office\projects\Amazon Introduction\amazon-clone\node_modules\firebase-tools\lib\emulator\controller.js:671:13)
[debug] [2025-02-01T06:26:10.852Z] > [functions] package.json contents: {
  "name": "functions",
  "description": "Cloud Functions for Firebase",
  "scripts": {
    "serve": "firebase emulators:start --only functions",
    "shell": "firebase functions:shell",
    "start": "npm run shell",
    "deploy": "firebase deploy --only functions",
    "logs": "firebase functions:log"
  },
  "engines": {
    "node": "22"
  },
  "main": "index.js",
  "dependencies": {
    "cors": "^2.8.5",
    "dotenv": "^16.4.7",
    "express": "^4.21.2",
    "firebase-admin": "^12.6.0",
    "firebase-functions": "^6.3.1",
    "stripe": "^17.6.0"
  },
  "devDependencies": {
    "firebase-functions-test": "^3.1.0"
  },
  "private": true
}
[debug] [2025-02-01T06:26:10.853Z] Building nodejs source
[debug] [2025-02-01T06:26:10.854Z] Failed to find version of module node: reached end of search path C:\Users\Administrator\Desktop\office\projects\Amazon Introduction\amazon-clone\functions\node_modules
[info] +  functions: Using node@22 from host. 
[info] i  functions: Loaded environment variables from .env. 
[debug] [2025-02-01T06:26:11.357Z] Could not find functions.yaml. Must use http discovery
[debug] [2025-02-01T06:26:11.368Z] Found firebase-functions binary at 'C:\Users\Administrator\Desktop\office\projects\Amazon Introduction\amazon-clone\functions\node_modules\.bin\firebase-functions'
[info] Serving at port 8416

[error] !!  functions: Failed to load function definition from source: FirebaseError: User code failed to load. Cannot determine backend specification {"metadata":{"emulator":{"name":"functions"},"message":"Failed to load function definition from source: FirebaseError: User code failed to load. Cannot determine backend specification"}}
[debug] [2025-02-01T06:26:40.769Z] Could not find VSCode notification endpoint: FetchError: request to http://localhost:40001/vscode/notify failed, reason: . If you are not running the Firebase Data Connect VSCode extension, this is expected and not an issue.
[info] 
┌─────────────────────────────────────────────────────────────┐
│ ✔  All emulators ready! It is now safe to connect your app. │
│ i  View Emulator UI at http://127.0.0.1:4000/               │
└─────────────────────────────────────────────────────────────┘

┌───────────┬────────────────┬─────────────────────────────────┐
│ Emulator  │ Host:Port      │ View in Emulator UI             │
├───────────┼────────────────┼─────────────────────────────────┤
│ Functions │ 127.0.0.1:5001 │ http://127.0.0.1:4000/functions │
└───────────┴────────────────┴─────────────────────────────────┘
  Emulator Hub running at 127.0.0.1:4400
  Other reserved ports: 4500

Issues? Report them at https://github.com/firebase/firebase-tools/issues and attach the *-debug.log files.
 
